#! /c/Source/iverilog-install/bin/vvp
:ivl_version "12.0 (devel)" "(s20150603-1539-g2693dd32b)";
:ivl_delay_selection "TYPICAL";
:vpi_time_precision - 12;
:vpi_module "C:\iverilog\lib\ivl\system.vpi";
:vpi_module "C:\iverilog\lib\ivl\vhdl_sys.vpi";
:vpi_module "C:\iverilog\lib\ivl\vhdl_textio.vpi";
:vpi_module "C:\iverilog\lib\ivl\v2005_math.vpi";
:vpi_module "C:\iverilog\lib\ivl\va_math.vpi";
:vpi_module "C:\iverilog\lib\ivl\v2009.vpi";
S_000001fadf8d41b0 .scope package, "$unit" "$unit" 2 1;
 .timescale 0 0;
S_000001fadf8d59e0 .scope module, "cpu_tb" "cpu_tb" 3 3;
 .timescale -9 -12;
v000001fadf945850_0 .net *"_ivl_12", 31 0, L_000001fadf948690;  1 drivers
v000001fadf944d10_0 .net *"_ivl_14", 31 0, L_000001fadf9476f0;  1 drivers
L_000001fadf9e0310 .functor BUFT 1, C4<00000000000000000000000000000000>, C4<0>, C4<0>, C4<0>;
v000001fadf9458f0_0 .net/2u *"_ivl_18", 31 0, L_000001fadf9e0310;  1 drivers
v000001fadf944e50_0 .net "a_op", 1 0, v000001fadf8d39f0_0;  1 drivers
v000001fadf944450_0 .net "alu_res", 31 0, L_000001fadf948730;  1 drivers
v000001fadf944ef0_0 .net "as", 0 0, v000001fadf8d2f50_0;  1 drivers
v000001fadf945030_0 .net "br", 0 0, v000001fadf8d3310_0;  1 drivers
v000001fadf9443b0_0 .var "clk", 0 0;
v000001fadf945e90_0 .net "imm", 31 0, v000001fadf8d3270_0;  1 drivers
v000001fadf9450d0_0 .net "instr", 31 0, L_000001fadf8e75a0;  1 drivers
v000001fadf945170_0 .net "m2r", 0 0, v000001fadf8d3810_0;  1 drivers
o000001fadf8f2bf8 .functor BUFZ 32, C4<zzzzzzzzzzzzzzzzzzzzzzzzzzzzzzzz>; HiZ drive
v000001fadf945210_0 .net "m_data", 31 0, o000001fadf8f2bf8;  0 drivers
v000001fadf9452b0_0 .net "mr", 0 0, v000001fadf8d3090_0;  1 drivers
v000001fadf945a30_0 .net "mw", 0 0, v000001fadf8d3130_0;  1 drivers
v000001fadf945f30_0 .net "pc", 31 0, v000001fadf944130_0;  1 drivers
v000001fadf944130_0 .var "pc_reg", 31 0;
v000001fadf945ad0_0 .net "r1", 31 0, L_000001fadf948cd0;  1 drivers
v000001fadf944270_0 .net "r2", 31 0, L_000001fadf947290;  1 drivers
v000001fadf9444f0_0 .var "reset", 0 0;
v000001fadf948910_0 .net "rw", 0 0, v000001fadf8d31d0_0;  1 drivers
v000001fadf947330_0 .net "z", 0 0, L_000001fadf948c30;  1 drivers
E_000001fadf8efdc0 .event posedge, v000001fadf9444f0_0, v000001fadf9457b0_0;
L_000001fadf947470 .part L_000001fadf8e75a0, 0, 7;
L_000001fadf9473d0 .part L_000001fadf8e75a0, 15, 5;
L_000001fadf9485f0 .part L_000001fadf8e75a0, 20, 5;
L_000001fadf9487d0 .part L_000001fadf8e75a0, 7, 5;
L_000001fadf947dd0 .functor MUXZ 32, L_000001fadf948730, o000001fadf8f2bf8, v000001fadf8d3810_0, C4<>;
L_000001fadf948690 .arith/sum 32, L_000001fadf948cd0, v000001fadf8d3270_0;
L_000001fadf9476f0 .arith/sum 32, L_000001fadf948cd0, L_000001fadf947290;
L_000001fadf948730 .functor MUXZ 32, L_000001fadf9476f0, L_000001fadf948690, v000001fadf8d2f50_0, C4<>;
L_000001fadf948c30 .cmp/eq 32, L_000001fadf948730, L_000001fadf9e0310;
S_000001fadf8d5b70 .scope module, "ctrl" "control" 3 21, 4 54 0, S_000001fadf8d59e0;
 .timescale -9 -12;
    .port_info 0 /INPUT 7 "opcode";
    .port_info 1 /OUTPUT 1 "reg_write";
    .port_info 2 /OUTPUT 1 "mem_read";
    .port_info 3 /OUTPUT 1 "mem_write";
    .port_info 4 /OUTPUT 1 "alu_src";
    .port_info 5 /OUTPUT 1 "mem_to_reg";
    .port_info 6 /OUTPUT 1 "branch";
    .port_info 7 /OUTPUT 2 "alu_op";
v000001fadf8d39f0_0 .var "alu_op", 1 0;
v000001fadf8d2f50_0 .var "alu_src", 0 0;
v000001fadf8d3310_0 .var "branch", 0 0;
v000001fadf8d3090_0 .var "mem_read", 0 0;
v000001fadf8d3810_0 .var "mem_to_reg", 0 0;
v000001fadf8d3130_0 .var "mem_write", 0 0;
v000001fadf8d38b0_0 .net "opcode", 6 0, L_000001fadf947470;  1 drivers
v000001fadf8d31d0_0 .var "reg_write", 0 0;
E_000001fadf8ef980 .event anyedge, v000001fadf8d38b0_0;
S_000001fadf8e3780 .scope module, "igen" "imm_gen" 3 23, 4 71 0, S_000001fadf8d59e0;
 .timescale -9 -12;
    .port_info 0 /INPUT 32 "instruction";
    .port_info 1 /OUTPUT 32 "imm_ext";
v000001fadf8d3270_0 .var "imm_ext", 31 0;
v000001fadf8d33b0_0 .net "instruction", 31 0, L_000001fadf8e75a0;  alias, 1 drivers
v000001fadf8d34f0_0 .net "opcode", 6 0, L_000001fadf948b90;  1 drivers
E_000001fadf8ef9c0 .event anyedge, v000001fadf8d34f0_0, v000001fadf8d33b0_0;
L_000001fadf948b90 .part L_000001fadf8e75a0, 0, 7;
S_000001fadf8e3910 .scope module, "imem" "instr_mem" 3 20, 4 6 0, S_000001fadf8d59e0;
 .timescale -9 -12;
    .port_info 0 /INPUT 32 "addr";
    .port_info 1 /OUTPUT 32 "instruction";
L_000001fadf8e75a0 .functor BUFZ 32, L_000001fadf947b50, C4<00000000000000000000000000000000>, C4<00000000000000000000000000000000>, C4<00000000000000000000000000000000>;
v000001fadf8d3590_0 .net *"_ivl_0", 31 0, L_000001fadf947b50;  1 drivers
v000001fadf8d3630_0 .net *"_ivl_2", 31 0, L_000001fadf948550;  1 drivers
v000001fadf8d36d0_0 .net *"_ivl_4", 29 0, L_000001fadf9484b0;  1 drivers
L_000001fadf9e0088 .functor BUFT 1, C4<00>, C4<0>, C4<0>, C4<0>;
v000001fadf944630_0 .net *"_ivl_6", 1 0, L_000001fadf9e0088;  1 drivers
v000001fadf945fd0_0 .net "addr", 31 0, v000001fadf944130_0;  alias, 1 drivers
v000001fadf945c10_0 .net "instruction", 31 0, L_000001fadf8e75a0;  alias, 1 drivers
v000001fadf945490 .array "mem", 63 0, 31 0;
L_000001fadf947b50 .array/port v000001fadf945490, L_000001fadf948550;
L_000001fadf9484b0 .part v000001fadf944130_0, 2, 30;
L_000001fadf948550 .concat [ 30 2 0 0], L_000001fadf9484b0, L_000001fadf9e0088;
S_000001fadf8d7ed0 .scope module, "rf" "reg_file" 3 22, 4 24 0, S_000001fadf8d59e0;
 .timescale -9 -12;
    .port_info 0 /INPUT 1 "clk";
    .port_info 1 /INPUT 1 "reg_write";
    .port_info 2 /INPUT 5 "rs1";
    .port_info 3 /INPUT 5 "rs2";
    .port_info 4 /INPUT 5 "rd";
    .port_info 5 /INPUT 32 "write_data";
    .port_info 6 /OUTPUT 32 "read_data1";
    .port_info 7 /OUTPUT 32 "read_data2";
v000001fadf945710_0 .net *"_ivl_0", 31 0, L_000001fadf947bf0;  1 drivers
v000001fadf9446d0_0 .net *"_ivl_10", 31 0, L_000001fadf948410;  1 drivers
v000001fadf944590_0 .net *"_ivl_12", 6 0, L_000001fadf9471f0;  1 drivers
L_000001fadf9e01a8 .functor BUFT 1, C4<00>, C4<0>, C4<0>, C4<0>;
v000001fadf944950_0 .net *"_ivl_15", 1 0, L_000001fadf9e01a8;  1 drivers
v000001fadf944770_0 .net *"_ivl_18", 31 0, L_000001fadf9480f0;  1 drivers
L_000001fadf9e01f0 .functor BUFT 1, C4<000000000000000000000000000>, C4<0>, C4<0>, C4<0>;
v000001fadf944c70_0 .net *"_ivl_21", 26 0, L_000001fadf9e01f0;  1 drivers
L_000001fadf9e0238 .functor BUFT 1, C4<00000000000000000000000000000000>, C4<0>, C4<0>, C4<0>;
v000001fadf945670_0 .net/2u *"_ivl_22", 31 0, L_000001fadf9e0238;  1 drivers
v000001fadf9453f0_0 .net *"_ivl_24", 0 0, L_000001fadf947ab0;  1 drivers
L_000001fadf9e0280 .functor BUFT 1, C4<00000000000000000000000000000000>, C4<0>, C4<0>, C4<0>;
v000001fadf944a90_0 .net/2u *"_ivl_26", 31 0, L_000001fadf9e0280;  1 drivers
v000001fadf944810_0 .net *"_ivl_28", 31 0, L_000001fadf947650;  1 drivers
L_000001fadf9e00d0 .functor BUFT 1, C4<000000000000000000000000000>, C4<0>, C4<0>, C4<0>;
v000001fadf945b70_0 .net *"_ivl_3", 26 0, L_000001fadf9e00d0;  1 drivers
v000001fadf945530_0 .net *"_ivl_30", 6 0, L_000001fadf947790;  1 drivers
L_000001fadf9e02c8 .functor BUFT 1, C4<00>, C4<0>, C4<0>, C4<0>;
v000001fadf9455d0_0 .net *"_ivl_33", 1 0, L_000001fadf9e02c8;  1 drivers
L_000001fadf9e0118 .functor BUFT 1, C4<00000000000000000000000000000000>, C4<0>, C4<0>, C4<0>;
v000001fadf9449f0_0 .net/2u *"_ivl_4", 31 0, L_000001fadf9e0118;  1 drivers
v000001fadf944310_0 .net *"_ivl_6", 0 0, L_000001fadf9475b0;  1 drivers
L_000001fadf9e0160 .functor BUFT 1, C4<00000000000000000000000000000000>, C4<0>, C4<0>, C4<0>;
v000001fadf945cb0_0 .net/2u *"_ivl_8", 31 0, L_000001fadf9e0160;  1 drivers
v000001fadf9457b0_0 .net "clk", 0 0, v000001fadf9443b0_0;  1 drivers
v000001fadf944b30_0 .var/i "i", 31 0;
v000001fadf944db0_0 .net "rd", 4 0, L_000001fadf9487d0;  1 drivers
v000001fadf945d50_0 .net "read_data1", 31 0, L_000001fadf948cd0;  alias, 1 drivers
v000001fadf9448b0_0 .net "read_data2", 31 0, L_000001fadf947290;  alias, 1 drivers
v000001fadf945df0_0 .net "reg_write", 0 0, v000001fadf8d31d0_0;  alias, 1 drivers
v000001fadf945350 .array "regs", 31 0, 31 0;
v000001fadf944f90_0 .net "rs1", 4 0, L_000001fadf9473d0;  1 drivers
v000001fadf945990_0 .net "rs2", 4 0, L_000001fadf9485f0;  1 drivers
v000001fadf9441d0_0 .net "write_data", 31 0, L_000001fadf947dd0;  1 drivers
E_000001fadf8ef7c0 .event posedge, v000001fadf9457b0_0;
L_000001fadf947bf0 .concat [ 5 27 0 0], L_000001fadf9473d0, L_000001fadf9e00d0;
L_000001fadf9475b0 .cmp/eq 32, L_000001fadf947bf0, L_000001fadf9e0118;
L_000001fadf948410 .array/port v000001fadf945350, L_000001fadf9471f0;
L_000001fadf9471f0 .concat [ 5 2 0 0], L_000001fadf9473d0, L_000001fadf9e01a8;
L_000001fadf948cd0 .functor MUXZ 32, L_000001fadf948410, L_000001fadf9e0160, L_000001fadf9475b0, C4<>;
L_000001fadf9480f0 .concat [ 5 27 0 0], L_000001fadf9485f0, L_000001fadf9e01f0;
L_000001fadf947ab0 .cmp/eq 32, L_000001fadf9480f0, L_000001fadf9e0238;
L_000001fadf947650 .array/port v000001fadf945350, L_000001fadf947790;
L_000001fadf947790 .concat [ 5 2 0 0], L_000001fadf9485f0, L_000001fadf9e02c8;
L_000001fadf947290 .functor MUXZ 32, L_000001fadf947650, L_000001fadf9e0280, L_000001fadf947ab0, C4<>;
S_000001fadf8d8060 .scope task, "show_final_state" "show_final_state" 3 46, 3 46 0, S_000001fadf8d59e0;
 .timescale -9 -12;
v000001fadf944bd0_0 .var/i "i", 31 0;
TD_cpu_tb.show_final_state ;
    %pushi/vec4 0, 0, 32;
    %store/vec4 v000001fadf944bd0_0, 0, 32;
T_0.0 ;
    %load/vec4 v000001fadf944bd0_0;
    %cmpi/s 32, 0, 32;
    %jmp/0xz T_0.1, 5;
    %vpi_call/w 3 51 "$display", "Register [%2d]: %15d", v000001fadf944bd0_0, &A<v000001fadf945350, v000001fadf944bd0_0 > {0 0 0};
    %load/vec4 v000001fadf944bd0_0;
    %addi 1, 0, 32;
    %store/vec4 v000001fadf944bd0_0, 0, 32;
    %jmp T_0.0;
T_0.1 ;
    %end;
    .scope S_000001fadf8e3910;
T_1 ;
    %vpi_call/w 4 14 "$readmemb", "instrucoes.bin", v000001fadf945490 {0 0 0};
    %end;
    .thread T_1;
    .scope S_000001fadf8d5b70;
T_2 ;
    %wait E_000001fadf8ef980;
    %load/vec4 v000001fadf8d38b0_0;
    %dup/vec4;
    %pushi/vec4 3, 0, 7;
    %cmp/u;
    %jmp/1 T_2.0, 6;
    %dup/vec4;
    %pushi/vec4 35, 0, 7;
    %cmp/u;
    %jmp/1 T_2.1, 6;
    %dup/vec4;
    %pushi/vec4 51, 0, 7;
    %cmp/u;
    %jmp/1 T_2.2, 6;
    %dup/vec4;
    %pushi/vec4 19, 0, 7;
    %cmp/u;
    %jmp/1 T_2.3, 6;
    %dup/vec4;
    %pushi/vec4 99, 0, 7;
    %cmp/u;
    %jmp/1 T_2.4, 6;
    %pushi/vec4 0, 0, 8;
    %split/vec4 2;
    %store/vec4 v000001fadf8d39f0_0, 0, 2;
    %split/vec4 1;
    %store/vec4 v000001fadf8d3310_0, 0, 1;
    %split/vec4 1;
    %store/vec4 v000001fadf8d3810_0, 0, 1;
    %split/vec4 1;
    %store/vec4 v000001fadf8d2f50_0, 0, 1;
    %split/vec4 1;
    %store/vec4 v000001fadf8d3130_0, 0, 1;
    %split/vec4 1;
    %store/vec4 v000001fadf8d3090_0, 0, 1;
    %store/vec4 v000001fadf8d31d0_0, 0, 1;
    %jmp T_2.6;
T_2.0 ;
    %pushi/vec4 216, 0, 8;
    %split/vec4 2;
    %store/vec4 v000001fadf8d39f0_0, 0, 2;
    %split/vec4 1;
    %store/vec4 v000001fadf8d3310_0, 0, 1;
    %split/vec4 1;
    %store/vec4 v000001fadf8d3810_0, 0, 1;
    %split/vec4 1;
    %store/vec4 v000001fadf8d2f50_0, 0, 1;
    %split/vec4 1;
    %store/vec4 v000001fadf8d3130_0, 0, 1;
    %split/vec4 1;
    %store/vec4 v000001fadf8d3090_0, 0, 1;
    %store/vec4 v000001fadf8d31d0_0, 0, 1;
    %jmp T_2.6;
T_2.1 ;
    %pushi/vec4 48, 0, 8;
    %split/vec4 2;
    %store/vec4 v000001fadf8d39f0_0, 0, 2;
    %split/vec4 1;
    %store/vec4 v000001fadf8d3310_0, 0, 1;
    %split/vec4 1;
    %store/vec4 v000001fadf8d3810_0, 0, 1;
    %split/vec4 1;
    %store/vec4 v000001fadf8d2f50_0, 0, 1;
    %split/vec4 1;
    %store/vec4 v000001fadf8d3130_0, 0, 1;
    %split/vec4 1;
    %store/vec4 v000001fadf8d3090_0, 0, 1;
    %store/vec4 v000001fadf8d31d0_0, 0, 1;
    %jmp T_2.6;
T_2.2 ;
    %pushi/vec4 130, 0, 8;
    %split/vec4 2;
    %store/vec4 v000001fadf8d39f0_0, 0, 2;
    %split/vec4 1;
    %store/vec4 v000001fadf8d3310_0, 0, 1;
    %split/vec4 1;
    %store/vec4 v000001fadf8d3810_0, 0, 1;
    %split/vec4 1;
    %store/vec4 v000001fadf8d2f50_0, 0, 1;
    %split/vec4 1;
    %store/vec4 v000001fadf8d3130_0, 0, 1;
    %split/vec4 1;
    %store/vec4 v000001fadf8d3090_0, 0, 1;
    %store/vec4 v000001fadf8d31d0_0, 0, 1;
    %jmp T_2.6;
T_2.3 ;
    %pushi/vec4 147, 0, 8;
    %split/vec4 2;
    %store/vec4 v000001fadf8d39f0_0, 0, 2;
    %split/vec4 1;
    %store/vec4 v000001fadf8d3310_0, 0, 1;
    %split/vec4 1;
    %store/vec4 v000001fadf8d3810_0, 0, 1;
    %split/vec4 1;
    %store/vec4 v000001fadf8d2f50_0, 0, 1;
    %split/vec4 1;
    %store/vec4 v000001fadf8d3130_0, 0, 1;
    %split/vec4 1;
    %store/vec4 v000001fadf8d3090_0, 0, 1;
    %store/vec4 v000001fadf8d31d0_0, 0, 1;
    %jmp T_2.6;
T_2.4 ;
    %pushi/vec4 5, 0, 8;
    %split/vec4 2;
    %store/vec4 v000001fadf8d39f0_0, 0, 2;
    %split/vec4 1;
    %store/vec4 v000001fadf8d3310_0, 0, 1;
    %split/vec4 1;
    %store/vec4 v000001fadf8d3810_0, 0, 1;
    %split/vec4 1;
    %store/vec4 v000001fadf8d2f50_0, 0, 1;
    %split/vec4 1;
    %store/vec4 v000001fadf8d3130_0, 0, 1;
    %split/vec4 1;
    %store/vec4 v000001fadf8d3090_0, 0, 1;
    %store/vec4 v000001fadf8d31d0_0, 0, 1;
    %jmp T_2.6;
T_2.6 ;
    %pop/vec4 1;
    %jmp T_2;
    .thread T_2, $push;
    .scope S_000001fadf8d7ed0;
T_3 ;
    %pushi/vec4 0, 0, 32;
    %store/vec4 v000001fadf944b30_0, 0, 32;
T_3.0 ;
    %load/vec4 v000001fadf944b30_0;
    %cmpi/s 32, 0, 32;
    %jmp/0xz T_3.1, 5;
    %pushi/vec4 0, 0, 32;
    %ix/getv/s 4, v000001fadf944b30_0;
    %store/vec4a v000001fadf945350, 4, 0;
    %load/vec4 v000001fadf944b30_0;
    %addi 1, 0, 32;
    %store/vec4 v000001fadf944b30_0, 0, 32;
    %jmp T_3.0;
T_3.1 ;
    %end;
    .thread T_3;
    .scope S_000001fadf8d7ed0;
T_4 ;
    %wait E_000001fadf8ef7c0;
    %load/vec4 v000001fadf945df0_0;
    %flag_set/vec4 9;
    %flag_get/vec4 9;
    %jmp/0 T_4.2, 9;
    %load/vec4 v000001fadf944db0_0;
    %pad/u 32;
    %pushi/vec4 0, 0, 32;
    %cmp/ne;
    %flag_get/vec4 4;
    %and;
T_4.2;
    %flag_set/vec4 8;
    %jmp/0xz  T_4.0, 8;
    %load/vec4 v000001fadf9441d0_0;
    %load/vec4 v000001fadf944db0_0;
    %pad/u 7;
    %ix/vec4 3;
    %ix/load 4, 0, 0; Constant delay
    %assign/vec4/a/d v000001fadf945350, 0, 4;
T_4.0 ;
    %jmp T_4;
    .thread T_4;
    .scope S_000001fadf8e3780;
T_5 ;
    %wait E_000001fadf8ef9c0;
    %load/vec4 v000001fadf8d34f0_0;
    %dup/vec4;
    %pushi/vec4 3, 0, 7;
    %cmp/u;
    %jmp/1 T_5.0, 6;
    %dup/vec4;
    %pushi/vec4 19, 0, 7;
    %cmp/u;
    %jmp/1 T_5.1, 6;
    %dup/vec4;
    %pushi/vec4 35, 0, 7;
    %cmp/u;
    %jmp/1 T_5.2, 6;
    %dup/vec4;
    %pushi/vec4 99, 0, 7;
    %cmp/u;
    %jmp/1 T_5.3, 6;
    %pushi/vec4 0, 0, 32;
    %store/vec4 v000001fadf8d3270_0, 0, 32;
    %jmp T_5.5;
T_5.0 ;
    %load/vec4 v000001fadf8d33b0_0;
    %parti/s 1, 31, 6;
    %replicate 20;
    %load/vec4 v000001fadf8d33b0_0;
    %parti/s 12, 20, 6;
    %concat/vec4; draw_concat_vec4
    %store/vec4 v000001fadf8d3270_0, 0, 32;
    %jmp T_5.5;
T_5.1 ;
    %load/vec4 v000001fadf8d33b0_0;
    %parti/s 1, 31, 6;
    %replicate 20;
    %load/vec4 v000001fadf8d33b0_0;
    %parti/s 12, 20, 6;
    %concat/vec4; draw_concat_vec4
    %store/vec4 v000001fadf8d3270_0, 0, 32;
    %jmp T_5.5;
T_5.2 ;
    %load/vec4 v000001fadf8d33b0_0;
    %parti/s 1, 31, 6;
    %replicate 20;
    %load/vec4 v000001fadf8d33b0_0;
    %parti/s 7, 25, 6;
    %concat/vec4; draw_concat_vec4
    %load/vec4 v000001fadf8d33b0_0;
    %parti/s 5, 7, 4;
    %concat/vec4; draw_concat_vec4
    %store/vec4 v000001fadf8d3270_0, 0, 32;
    %jmp T_5.5;
T_5.3 ;
    %load/vec4 v000001fadf8d33b0_0;
    %parti/s 1, 31, 6;
    %replicate 19;
    %load/vec4 v000001fadf8d33b0_0;
    %parti/s 1, 31, 6;
    %concat/vec4; draw_concat_vec4
    %load/vec4 v000001fadf8d33b0_0;
    %parti/s 1, 7, 4;
    %concat/vec4; draw_concat_vec4
    %load/vec4 v000001fadf8d33b0_0;
    %parti/s 6, 25, 6;
    %concat/vec4; draw_concat_vec4
    %load/vec4 v000001fadf8d33b0_0;
    %parti/s 4, 8, 5;
    %concat/vec4; draw_concat_vec4
    %concati/vec4 0, 0, 1;
    %store/vec4 v000001fadf8d3270_0, 0, 32;
    %jmp T_5.5;
T_5.5 ;
    %pop/vec4 1;
    %jmp T_5;
    .thread T_5, $push;
    .scope S_000001fadf8d59e0;
T_6 ;
    %wait E_000001fadf8efdc0;
    %load/vec4 v000001fadf9444f0_0;
    %flag_set/vec4 8;
    %jmp/0xz  T_6.0, 8;
    %pushi/vec4 0, 0, 32;
    %assign/vec4 v000001fadf944130_0, 0;
    %jmp T_6.1;
T_6.0 ;
    %load/vec4 v000001fadf945030_0;
    %flag_set/vec4 9;
    %flag_get/vec4 9;
    %jmp/0 T_6.4, 9;
    %load/vec4 v000001fadf947330_0;
    %and;
T_6.4;
    %flag_set/vec4 8;
    %jmp/0 T_6.2, 8;
    %load/vec4 v000001fadf944130_0;
    %load/vec4 v000001fadf945e90_0;
    %add;
    %jmp/1 T_6.3, 8;
T_6.2 ; End of true expr.
    %load/vec4 v000001fadf944130_0;
    %addi 4, 0, 32;
    %jmp/0 T_6.3, 8;
 ; End of false expr.
    %blend;
T_6.3;
    %assign/vec4 v000001fadf944130_0, 0;
T_6.1 ;
    %jmp T_6;
    .thread T_6;
    .scope S_000001fadf8d59e0;
T_7 ;
    %pushi/vec4 0, 0, 1;
    %store/vec4 v000001fadf9443b0_0, 0, 1;
    %end;
    .thread T_7;
    .scope S_000001fadf8d59e0;
T_8 ;
    %delay 5000, 0;
    %load/vec4 v000001fadf9443b0_0;
    %inv;
    %store/vec4 v000001fadf9443b0_0, 0, 1;
    %jmp T_8;
    .thread T_8;
    .scope S_000001fadf8d59e0;
T_9 ;
    %pushi/vec4 1, 0, 1;
    %store/vec4 v000001fadf9444f0_0, 0, 1;
    %delay 15000, 0;
    %pushi/vec4 0, 0, 1;
    %store/vec4 v000001fadf9444f0_0, 0, 1;
    %vpi_call/w 3 37 "$display", "Iniciando Simula\303\247\303\243o..." {0 0 0};
    %delay 200000, 0;
    %fork TD_cpu_tb.show_final_state, S_000001fadf8d8060;
    %join;
    %vpi_call/w 3 42 "$finish" {0 0 0};
    %end;
    .thread T_9;
# The file index is used to find the file name in the following table.
:file_names 5;
    "N/A";
    "<interactive>";
    "-";
    "TP2_TB.v";
    "TP2.v";
